<?xml version="1.0" encoding="UTF-8"?>
<!-- Generated by org.testng.reporters.JUnitReportReporter -->
<testsuite skipped="0" hostname="BDC6-DX-6BV6NK2" name="day2.Keyboard_demo" tests="1" failures="0" timestamp="18 Sep 2019 10:41:48 GMT" time="22.005" errors="0">
  <testcase name="f" time="22.005" classname="day2.Keyboard_demo"/>
</testsuite> <!-- day2.Keyboard_demo -->
