<?xml version="1.0" encoding="UTF-8"?>
<!-- Generated by org.testng.reporters.JUnitReportReporter -->
<testsuite skipped="0" hostname="BDC6-DX-6BV6NK2" name="day2.demo4" tests="1" failures="0" timestamp="18 Sep 2019 09:18:28 GMT" time="22.665" errors="0">
  <testcase name="f" time="22.665" classname="day2.demo4"/>
</testsuite> <!-- day2.demo4 -->
