<?xml version="1.0" encoding="UTF-8"?>
<!-- Generated by org.testng.reporters.JUnitReportReporter -->
<testsuite skipped="0" hostname="BDC6-DX-6BV6NK2" name="day1.testng_demo2" tests="3" failures="0" timestamp="17 Sep 2019 10:06:55 GMT" time="0.008" errors="0">
  <testcase name="login" time="0.002" classname="day1.testng_demo2"/>
  <testcase name="logout" time="0.002" classname="day1.testng_demo2"/>
  <testcase name="homepage" time="0.004" classname="day1.testng_demo2"/>
</testsuite> <!-- day1.testng_demo2 -->
