<?xml version="1.0" encoding="UTF-8"?>
<!-- Generated by org.testng.reporters.JUnitReportReporter -->
<testsuite skipped="0" hostname="BDC6-DX-6BV6NK2" name="day2.mousehover_action" tests="1" failures="0" timestamp="18 Sep 2019 10:20:44 GMT" time="44.333" errors="0">
  <testcase name="f" time="44.333" classname="day2.mousehover_action"/>
</testsuite> <!-- day2.mousehover_action -->
