<?xml version="1.0" encoding="UTF-8"?>
<!-- Generated by org.testng.reporters.JUnitReportReporter -->
<testsuite skipped="0" hostname="BDC6-DX-6BV6NK2" name="day2.DragandDrop_demo" tests="1" failures="0" timestamp="18 Sep 2019 11:20:46 GMT" time="19.507" errors="0">
  <testcase name="f" time="19.507" classname="day2.DragandDrop_demo"/>
</testsuite> <!-- day2.DragandDrop_demo -->
