<?xml version="1.0" encoding="UTF-8"?>
<!-- Generated by org.testng.reporters.JUnitReportReporter -->
<testsuite skipped="0" hostname="BDC6-DX-6BV6NK2" name="day1.WebDriver_demo1" tests="1" failures="0" timestamp="18 Sep 2019 03:47:02 GMT" time="4.125" errors="0">
  <testcase name="BrowserLaunch" time="4.125" classname="day1.WebDriver_demo1"/>
</testsuite> <!-- day1.WebDriver_demo1 -->
