<?xml version="1.0" encoding="UTF-8"?>
<!-- Generated by org.testng.reporters.JUnitReportReporter -->
<testsuite skipped="0" hostname="BDC6-DX-6BV6NK2" name="day1.testng_demo" tests="2" failures="0" timestamp="17 Sep 2019 10:06:55 GMT" time="0.008" errors="0">
  <testcase name="f1" time="0.002" classname="day1.testng_demo"/>
  <testcase name="f" time="0.006" classname="day1.testng_demo"/>
</testsuite> <!-- day1.testng_demo -->
