<?xml version="1.0" encoding="UTF-8"?>
<!-- Generated by org.testng.reporters.JUnitReportReporter -->
<testsuite skipped="0" hostname="BDC6-DX-6BV6NK2" name="day2.Demo5" tests="1" failures="0" timestamp="18 Sep 2019 10:48:09 GMT" time="46.731" errors="0">
  <testcase name="f" time="46.731" classname="day2.Demo5"/>
</testsuite> <!-- day2.Demo5 -->
